#Build: Fabric Compiler 2022.1, Build 99559, Jul 12 00:20 2022
#Install: C:\pango\PDS_2022.1\bin
#Application name: pds_shell.exe
#OS: Windows 10 10.0.22621
#Hostname: Ruben
Generated by Fabric Compiler (version 2022.1 build 99559) at Wed Jun 28 15:47:53 2023
Compiling verification operator library.
Compiling common defs.
Compiling prim grid devices.
Compiling gate devices.
Compiling gate operators.
Building architecture model.
Loading device packaging model.
Reading design from DB.
Start Generating Programming File...
Reading design from DB takes 0.859375 sec.
Generating architecture configuration.
The bitstream file is "C:/Users/zhuli/Documents/FPGA_PDS/10_HDMI_DDR3_OV5640_test/generate_bitstream/hdmi_ddr_ov5640_top.sbit"
Generate programming file takes 9.453125 sec.
Generating Programming File done.
Action gen_bit_stream: Real time elapsed is 0h:0m:15s
Action gen_bit_stream: CPU time elapsed is 0h:0m:12s
Action gen_bit_stream: Process CPU time elapsed is 0h:0m:12s
Current time: Wed Jun 28 15:48:07 2023
Action gen_bit_stream: Peak memory pool usage is 699 MB
